<?xml version="1.0" encoding="UTF-8"?>
<testng-results ignored="0" total="10" passed="10" failed="0" skipped="0">
  <reporter-output>
  </reporter-output>
  <suite started-at="2020-06-01T18:23:47Z" name="All Test Suite" finished-at="2020-06-01T18:24:48Z" duration-ms="60257">
    <groups>
    </groups>
    <test started-at="2020-06-01T18:23:47Z" name="DroidWeightSuite" finished-at="2020-06-01T18:24:48Z" duration-ms="60257">
      <class name="DroidWeightSuite">
        <test-method is-config="true" signature="setUp()[pri:0, instance:DroidWeightSuite@70e38ce1]" started-at="2020-06-01T18:23:47Z" name="setUp" finished-at="2020-06-01T18:24:07Z" duration-ms="19330" status="PASS">
          <reporter-output>
          </reporter-output>
        </test-method> <!-- setUp -->
        <test-method signature="testScreenItems()[pri:1, instance:DroidWeightSuite@70e38ce1]" started-at="2020-06-01T18:24:07Z" name="testScreenItems" finished-at="2020-06-01T18:24:14Z" duration-ms="7215" status="PASS">
          <reporter-output>
          </reporter-output>
        </test-method> <!-- testScreenItems -->
        <test-method signature="testInternetConnection()[pri:2, instance:DroidWeightSuite@70e38ce1]" started-at="2020-06-01T18:24:14Z" name="testInternetConnection" finished-at="2020-06-01T18:24:22Z" duration-ms="8271" status="PASS">
          <reporter-output>
          </reporter-output>
        </test-method> <!-- testInternetConnection -->
        <test-method signature="testLongClickGesture()[pri:3, instance:DroidWeightSuite@70e38ce1]" started-at="2020-06-01T18:24:22Z" name="testLongClickGesture" finished-at="2020-06-01T18:24:29Z" duration-ms="6434" status="PASS">
          <reporter-output>
          </reporter-output>
        </test-method> <!-- testLongClickGesture -->
        <test-method signature="testScreenshots()[pri:4, instance:DroidWeightSuite@70e38ce1]" started-at="2020-06-01T18:24:29Z" name="testScreenshots" finished-at="2020-06-01T18:24:31Z" duration-ms="2517" status="PASS">
          <reporter-output>
          </reporter-output>
        </test-method> <!-- testScreenshots -->
        <test-method signature="testSoftKeyboard()[pri:5, instance:DroidWeightSuite@70e38ce1]" started-at="2020-06-01T18:24:31Z" name="testSoftKeyboard" finished-at="2020-06-01T18:24:31Z" duration-ms="151" status="PASS">
          <reporter-output>
          </reporter-output>
        </test-method> <!-- testSoftKeyboard -->
        <test-method signature="testHardwareButtons()[pri:6, instance:DroidWeightSuite@70e38ce1]" started-at="2020-06-01T18:24:31Z" name="testHardwareButtons" finished-at="2020-06-01T18:24:33Z" duration-ms="1591" status="PASS">
          <reporter-output>
          </reporter-output>
        </test-method> <!-- testHardwareButtons -->
        <test-method signature="testMultiTouchActions()[pri:7, instance:DroidWeightSuite@70e38ce1]" started-at="2020-06-01T18:24:33Z" name="testMultiTouchActions" finished-at="2020-06-01T18:24:38Z" duration-ms="4520" status="PASS">
          <reporter-output>
          </reporter-output>
        </test-method> <!-- testMultiTouchActions -->
        <test-method signature="testNotificationsBar()[pri:8, instance:DroidWeightSuite@70e38ce1]" started-at="2020-06-01T18:24:38Z" name="testNotificationsBar" finished-at="2020-06-01T18:24:40Z" duration-ms="2573" status="PASS">
          <reporter-output>
          </reporter-output>
        </test-method> <!-- testNotificationsBar -->
        <test-method signature="testSwipes()[pri:9, instance:DroidWeightSuite@70e38ce1]" started-at="2020-06-01T18:24:40Z" name="testSwipes" finished-at="2020-06-01T18:24:44Z" duration-ms="3678" status="PASS">
          <reporter-output>
          </reporter-output>
        </test-method> <!-- testSwipes -->
        <test-method signature="testDragActions()[pri:10, instance:DroidWeightSuite@70e38ce1]" started-at="2020-06-01T18:24:44Z" name="testDragActions" finished-at="2020-06-01T18:24:47Z" duration-ms="3582" status="PASS">
          <reporter-output>
          </reporter-output>
        </test-method> <!-- testDragActions -->
        <test-method is-config="true" signature="End()[pri:0, instance:DroidWeightSuite@70e38ce1]" started-at="2020-06-01T18:24:47Z" name="End" finished-at="2020-06-01T18:24:48Z" duration-ms="362" status="PASS">
          <reporter-output>
          </reporter-output>
        </test-method> <!-- End -->
      </class> <!-- DroidWeightSuite -->
    </test> <!-- DroidWeightSuite -->
  </suite> <!-- All Test Suite -->
</testng-results>
